<?xml version="1.0" encoding="UTF-8"?>
<!-- Generated by org.testng.reporters.JUnitReportReporter -->
<testsuite hostname="DESKTOP-143M0GD" failures="0" tests="2" name="academy.FullframeHomePage" time="69.752" errors="0" timestamp="01 Aug 2019 17:14:27 GMT" skipped="0">
  <testcase classname="academy.FullframeHomePage" name="pageNavigation" time="38.818"/>
  <testcase classname="academy.FullframeHomePage" name="pageNavigation" time="30.934"/>
</testsuite> <!-- academy.FullframeHomePage -->
