<?xml version="1.0" encoding="UTF-8"?>
<!-- Generated by org.testng.reporters.JUnitReportReporter -->
<testsuite hostname="DESKTOP-143M0GD" failures="0" tests="1" name="academy.HomePage" time="32.265" errors="0" timestamp="19 Jul 2019 18:01:31 GMT" skipped="0">
  <testcase classname="academy.HomePage" name="pageNavigation" time="32.265"/>
</testsuite> <!-- academy.HomePage -->
